20/06/2024 16:59:48 [INFO]: HTTP Server listening on port 4000
20/06/2024 17:00:04 [INFO]: HTTP Server listening on port 4000
20/06/2024 17:37:33 [INFO]: HTTP Server listening on port 4000
20/06/2024 17:37:49 [INFO]: HTTP Server listening on port 4000
20/06/2024 17:38:18 [INFO]: HTTP Server listening on port 4000
20/06/2024 17:40:08 [INFO]: HTTP Server listening on port 4000
20/06/2024 17:41:06 [INFO]: HTTP Server listening on port 4000
20/06/2024 17:41:24 [INFO]: HTTP Server listening on port 4000
21/06/2024 10:27:19 [INFO]: HTTP Server listening on port 4000
21/06/2024 10:29:28 [INFO]: HTTP Server listening on port 4000
21/06/2024 10:40:21 [INFO]: HTTP Server listening on port 4000
21/06/2024 10:43:00 [INFO]: HTTP Server listening on port 4000
21/06/2024 10:51:29 [INFO]: HTTP Server listening on port 4000
21/06/2024 10:53:43 [INFO]: HTTP Server listening on port 4000
21/06/2024 10:53:51 [INFO]: HTTP Server listening on port 4000
21/06/2024 10:57:49 [INFO]: HTTP Server listening on port 4000
21/06/2024 11:14:40 [INFO]: HTTP Server listening on port 4000
21/06/2024 11:15:41 [INFO]: HTTP Server listening on port 4000
21/06/2024 11:20:33 [INFO]: HTTP Server listening on port 4000
21/06/2024 11:25:40 [INFO]: HTTP Server listening on port 4000
21/06/2024 11:27:00 [INFO]: HTTP Server listening on port 4000
21/06/2024 11:28:45 [INFO]: HTTP Server listening on port 4000
21/06/2024 11:29:58 [INFO]: HTTP Server listening on port 4000
21/06/2024 11:30:23 [INFO]: HTTP Server listening on port 4000
21/06/2024 11:36:28 [INFO]: HTTP Server listening on port 4000
21/06/2024 11:37:37 [INFO]: HTTP Server listening on port 4000
21/06/2024 11:38:30 [INFO]: HTTP Server listening on port 4000
21/06/2024 11:39:49 [INFO]: HTTP Server listening on port 4000
21/06/2024 11:41:43 [INFO]: HTTP Server listening on port 4000
21/06/2024 11:42:40 [INFO]: HTTP Server listening on port 4000
21/06/2024 11:43:04 [INFO]: HTTP Server listening on port 4000
21/06/2024 11:43:48 [INFO]: HTTP Server listening on port 4000
21/06/2024 11:45:34 [INFO]: HTTP Server listening on port 4000
21/06/2024 11:47:27 [INFO]: HTTP Server listening on port 4000
21/06/2024 11:49:12 [INFO]: HTTP Server listening on port 4000
21/06/2024 11:53:51 [INFO]: HTTP Server listening on port 4000
21/06/2024 11:54:36 [INFO]: HTTP Server listening on port 4000
21/06/2024 11:54:49 [INFO]: HTTP Server listening on port 4000
21/06/2024 11:55:13 [INFO]: HTTP Server listening on port 4000
21/06/2024 12:01:12 [INFO]: HTTP Server listening on port 4000
21/06/2024 12:14:17 [INFO]: HTTP Server listening on port 4000
21/06/2024 12:14:34 [INFO]: HTTP Server listening on port 4000
21/06/2024 12:15:00 [INFO]: HTTP Server listening on port 4000
21/06/2024 12:18:28 [INFO]: HTTP Server listening on port 4000
21/06/2024 12:19:47 [INFO]: HTTP Server listening on port 4000
21/06/2024 12:24:34 [INFO]: HTTP Server listening on port 4000
21/06/2024 12:24:44 [INFO]: HTTP Server listening on port 4000
21/06/2024 12:33:55 [INFO]: HTTP Server listening on port 4000
21/06/2024 12:34:16 [INFO]: HTTP Server listening on port 4000
21/06/2024 12:34:34 [INFO]: HTTP Server listening on port 4000
21/06/2024 12:35:11 [INFO]: HTTP Server listening on port 4000
21/06/2024 12:35:50 [INFO]: HTTP Server listening on port 4000
21/06/2024 12:38:21 [INFO]: HTTP Server listening on port 4000
21/06/2024 12:39:36 [INFO]: HTTP Server listening on port 4000
21/06/2024 12:40:23 [INFO]: HTTP Server listening on port 4000
21/06/2024 12:40:36 [INFO]: HTTP Server listening on port 4000
21/06/2024 12:41:02 [INFO]: HTTP Server listening on port 4000
21/06/2024 12:41:36 [INFO]: HTTP Server listening on port 4000
21/06/2024 12:42:02 [INFO]: HTTP Server listening on port 4000
21/06/2024 12:43:50 [INFO]: HTTP Server listening on port 4000
21/06/2024 12:49:40 [INFO]: HTTP Server listening on port 4000
21/06/2024 12:50:31 [INFO]: HTTP Server listening on port 4000
21/06/2024 12:50:34 [INFO]: HTTP Server listening on port 4000
21/06/2024 12:50:51 [INFO]: HTTP Server listening on port 4000
21/06/2024 12:59:04 [INFO]: HTTP Server listening on port 4000
21/06/2024 12:59:46 [INFO]: HTTP Server listening on port 4000
21/06/2024 12:59:50 [INFO]: HTTP Server listening on port 4000
21/06/2024 13:03:31 [INFO]: HTTP Server listening on port 4000
21/06/2024 13:05:16 [INFO]: HTTP Server listening on port 4000
21/06/2024 13:06:26 [INFO]: HTTP Server listening on port 4000
21/06/2024 13:06:37 [INFO]: HTTP Server listening on port 4000
21/06/2024 13:06:44 [INFO]: HTTP Server listening on port 4000
21/06/2024 13:08:32 [INFO]: HTTP Server listening on port 4000
21/06/2024 13:10:19 [INFO]: HTTP Server listening on port 4000
21/06/2024 13:10:41 [INFO]: HTTP Server listening on port 4000
21/06/2024 13:11:46 [INFO]: HTTP Server listening on port 4000
21/06/2024 13:11:57 [INFO]: HTTP Server listening on port 4000
21/06/2024 13:12:59 [INFO]: HTTP Server listening on port 4000
21/06/2024 13:16:20 [INFO]: HTTP Server listening on port 4000
21/06/2024 14:44:44 [INFO]: HTTP Server listening on port 4000
<<<<<<< HEAD
21/06/2024 14:52:17 [INFO]: HTTP Server listening on port 4000
21/06/2024 14:53:35 [INFO]: HTTP Server listening on port 4000
21/06/2024 14:55:29 [INFO]: HTTP Server listening on port 4000
21/06/2024 15:03:19 [INFO]: HTTP Server listening on port 4000
21/06/2024 15:08:22 [INFO]: HTTP Server listening on port 4000
21/06/2024 15:11:36 [INFO]: HTTP Server listening on port 4000
21/06/2024 15:12:15 [INFO]: HTTP Server listening on port 4000
21/06/2024 15:18:19 [INFO]: HTTP Server listening on port 4000
21/06/2024 15:21:45 [INFO]: HTTP Server listening on port 4000
21/06/2024 15:22:16 [INFO]: HTTP Server listening on port 4000
21/06/2024 15:22:32 [INFO]: HTTP Server listening on port 4000
21/06/2024 15:25:15 [INFO]: HTTP Server listening on port 4000
21/06/2024 15:34:57 [INFO]: HTTP Server listening on port 4000
21/06/2024 15:39:55 [INFO]: HTTP Server listening on port 4000
21/06/2024 15:41:00 [INFO]: HTTP Server listening on port 4000
21/06/2024 15:43:08 [INFO]: HTTP Server listening on port 4000
21/06/2024 15:45:11 [INFO]: HTTP Server listening on port 4000
21/06/2024 15:47:51 [INFO]: HTTP Server listening on port 4000
21/06/2024 15:52:08 [INFO]: HTTP Server listening on port 4000
21/06/2024 15:52:36 [INFO]: HTTP Server listening on port 4000
21/06/2024 15:55:03 [INFO]: HTTP Server listening on port 4000
21/06/2024 15:59:24 [ERROR]: existingRole is not defined
21/06/2024 16:00:33 [INFO]: HTTP Server listening on port 4000
21/06/2024 16:00:36 [ERROR]: Document must be a valid JavaScript object
21/06/2024 16:02:59 [INFO]: HTTP Server listening on port 4000
21/06/2024 16:05:14 [INFO]: HTTP Server listening on port 4000
21/06/2024 16:05:17 [INFO]: HTTP Server listening on port 4000
21/06/2024 16:11:37 [INFO]: HTTP Server listening on port 4000
21/06/2024 16:15:12 [INFO]: HTTP Server listening on port 4000
21/06/2024 16:16:37 [INFO]: HTTP Server listening on port 4000
21/06/2024 16:17:36 [INFO]: HTTP Server listening on port 4000
21/06/2024 16:19:35 [INFO]: HTTP Server listening on port 4000
21/06/2024 16:19:50 [INFO]: HTTP Server listening on port 4000
21/06/2024 16:19:57 [INFO]: HTTP Server listening on port 4000
21/06/2024 16:20:05 [INFO]: HTTP Server listening on port 4000
21/06/2024 16:20:12 [INFO]: HTTP Server listening on port 4000
21/06/2024 16:21:49 [INFO]: HTTP Server listening on port 4000
21/06/2024 16:25:04 [INFO]: HTTP Server listening on port 4000
21/06/2024 16:26:58 [INFO]: HTTP Server listening on port 4000
21/06/2024 16:27:37 [INFO]: HTTP Server listening on port 4000
21/06/2024 16:48:38 [INFO]: HTTP Server listening on port 4000
21/06/2024 16:48:44 [INFO]: HTTP Server listening on port 4000
21/06/2024 16:53:08 [INFO]: HTTP Server listening on port 4000
21/06/2024 17:08:23 [INFO]: HTTP Server listening on port 4000
21/06/2024 17:09:15 [INFO]: HTTP Server listening on port 4000
21/06/2024 17:12:45 [INFO]: HTTP Server listening on port 4000
21/06/2024 17:13:08 [INFO]: HTTP Server listening on port 4000
21/06/2024 17:15:22 [INFO]: HTTP Server listening on port 4000
21/06/2024 17:16:12 [INFO]: HTTP Server listening on port 4000
21/06/2024 17:17:01 [INFO]: HTTP Server listening on port 4000
21/06/2024 17:18:05 [INFO]: HTTP Server listening on port 4000
21/06/2024 17:18:20 [INFO]: HTTP Server listening on port 4000
21/06/2024 17:19:05 [INFO]: HTTP Server listening on port 4000
21/06/2024 17:20:36 [INFO]: HTTP Server listening on port 4000
21/06/2024 17:21:39 [INFO]: HTTP Server listening on port 4000
21/06/2024 17:22:15 [INFO]: HTTP Server listening on port 4000
21/06/2024 17:23:58 [INFO]: HTTP Server listening on port 4000
21/06/2024 17:24:04 [INFO]: HTTP Server listening on port 4000
21/06/2024 17:37:28 [INFO]: HTTP Server listening on port 4000
21/06/2024 17:43:19 [INFO]: HTTP Server listening on port 4000
21/06/2024 17:43:28 [INFO]: HTTP Server listening on port 4000
21/06/2024 17:43:48 [INFO]: HTTP Server listening on port 4000
21/06/2024 17:45:34 [INFO]: HTTP Server listening on port 4000
21/06/2024 17:45:47 [ERROR]: email_id is not defined
21/06/2024 17:46:17 [ERROR]: email_id is not defined
21/06/2024 17:47:00 [INFO]: HTTP Server listening on port 4000
21/06/2024 17:48:34 [INFO]: HTTP Server listening on port 4000
21/06/2024 17:49:03 [INFO]: HTTP Server listening on port 4000
21/06/2024 17:50:12 [INFO]: HTTP Server listening on port 4000
21/06/2024 17:52:31 [INFO]: HTTP Server listening on port 4000
21/06/2024 17:54:46 [INFO]: HTTP Server listening on port 4000
21/06/2024 17:55:48 [INFO]: HTTP Server listening on port 4000
21/06/2024 17:57:46 [INFO]: HTTP Server listening on port 4000
21/06/2024 17:58:10 [INFO]: HTTP Server listening on port 4000
21/06/2024 17:58:24 [INFO]: HTTP Server listening on port 4000
21/06/2024 17:59:32 [INFO]: HTTP Server listening on port 4000
21/06/2024 18:01:46 [INFO]: HTTP Server listening on port 4000
21/06/2024 18:05:48 [INFO]: HTTP Server listening on port 4000
21/06/2024 18:07:30 [INFO]: HTTP Server listening on port 4000
21/06/2024 18:08:23 [INFO]: HTTP Server listening on port 4000
21/06/2024 18:13:01 [INFO]: HTTP Server listening on port 4000
=======
21/06/2024 14:54:46 [INFO]: HTTP Server listening on port 4000
21/06/2024 15:06:47 [INFO]: HTTP Server listening on port 4000
21/06/2024 15:22:46 [INFO]: HTTP Server listening on port 4000
21/06/2024 15:25:29 [INFO]: HTTP Server listening on port 4000
21/06/2024 15:30:22 [INFO]: HTTP Server listening on port 4000
21/06/2024 15:34:03 [INFO]: HTTP Server listening on port 4000
21/06/2024 15:44:54 [INFO]: HTTP Server listening on port 4000
21/06/2024 16:02:08 [INFO]: HTTP Server listening on port 4000
21/06/2024 16:05:09 [INFO]: HTTP Server listening on port 4000
21/06/2024 16:07:02 [INFO]: HTTP Server listening on port 4000
21/06/2024 16:08:16 [INFO]: HTTP Server listening on port 4000
21/06/2024 16:13:14 [INFO]: HTTP Server listening on port 4000
21/06/2024 16:15:00 [INFO]: HTTP Server listening on port 4000
21/06/2024 16:15:44 [INFO]: HTTP Server listening on port 4000
21/06/2024 16:17:52 [INFO]: HTTP Server listening on port 4000
21/06/2024 16:21:30 [INFO]: HTTP Server listening on port 4000
21/06/2024 16:23:17 [INFO]: HTTP Server listening on port 4000
21/06/2024 16:46:44 [INFO]: HTTP Server listening on port 4000
21/06/2024 16:47:00 [ERROR]: Error in add new client: Error: Failed to add new client
21/06/2024 16:48:39 [INFO]: HTTP Server listening on port 4000
21/06/2024 16:48:47 [ERROR]: Error in add new client: Error: Client with this email already exists
21/06/2024 16:53:34 [INFO]: HTTP Server listening on port 4000
21/06/2024 16:53:40 [ERROR]: Error in add new client: Error: Client with this email already exists
21/06/2024 16:54:08 [INFO]: HTTP Server listening on port 4000
21/06/2024 16:54:12 [ERROR]: Error in add new client: Error: Client with this email already exists
21/06/2024 16:54:52 [INFO]: HTTP Server listening on port 4000
21/06/2024 16:54:58 [ERROR]: Error in add new client: Error: Failed to add new client
21/06/2024 16:55:50 [INFO]: HTTP Server listening on port 4000
21/06/2024 17:02:26 [INFO]: HTTP Server listening on port 4000
21/06/2024 17:24:28 [INFO]: HTTP Server listening on port 4000
21/06/2024 17:26:53 [INFO]: HTTP Server listening on port 4000
>>>>>>> 9cbe31beea743a2705601f9e3cd6e0c2f467440b
21/06/2024 18:57:10 [INFO]: HTTP Server listening on port 4000
22/06/2024 10:32:07 [INFO]: HTTP Server listening on port 4000
22/06/2024 10:33:47 [INFO]: HTTP Server listening on port 4000
22/06/2024 10:53:21 [INFO]: HTTP Server listening on port 4000
22/06/2024 10:56:21 [INFO]: HTTP Server listening on port 4000
22/06/2024 10:57:03 [INFO]: HTTP Server listening on port 4000
22/06/2024 10:57:55 [INFO]: HTTP Server listening on port 4000
22/06/2024 10:58:44 [INFO]: HTTP Server listening on port 4000
22/06/2024 10:59:37 [INFO]: HTTP Server listening on port 4000
22/06/2024 11:40:30 [INFO]: HTTP Server listening on port 4000
22/06/2024 11:44:36 [INFO]: HTTP Server listening on port 4000
22/06/2024 11:46:30 [INFO]: HTTP Server listening on port 4000
22/06/2024 11:48:39 [INFO]: HTTP Server listening on port 4000
22/06/2024 11:49:16 [INFO]: HTTP Server listening on port 4000
22/06/2024 11:50:23 [INFO]: HTTP Server listening on port 4000
22/06/2024 11:51:02 [INFO]: HTTP Server listening on port 4000
22/06/2024 11:51:47 [INFO]: HTTP Server listening on port 4000
22/06/2024 11:52:58 [INFO]: HTTP Server listening on port 4000
22/06/2024 11:54:14 [INFO]: HTTP Server listening on port 4000
22/06/2024 11:58:27 [INFO]: HTTP Server listening on port 4000
22/06/2024 11:59:08 [INFO]: HTTP Server listening on port 4000
22/06/2024 12:03:36 [INFO]: HTTP Server listening on port 4000
22/06/2024 12:04:29 [INFO]: HTTP Server listening on port 4000
22/06/2024 12:08:04 [INFO]: HTTP Server listening on port 4000
22/06/2024 12:08:21 [INFO]: HTTP Server listening on port 4000
22/06/2024 12:11:21 [INFO]: HTTP Server listening on port 4000
22/06/2024 12:15:14 [INFO]: HTTP Server listening on port 4000
22/06/2024 12:15:27 [INFO]: HTTP Server listening on port 4000
22/06/2024 12:16:15 [INFO]: HTTP Server listening on port 4000
22/06/2024 12:16:22 [INFO]: HTTP Server listening on port 4000
22/06/2024 12:16:41 [INFO]: HTTP Server listening on port 4000
22/06/2024 12:17:15 [INFO]: HTTP Server listening on port 4000
22/06/2024 12:18:35 [INFO]: HTTP Server listening on port 4000
22/06/2024 12:19:00 [INFO]: HTTP Server listening on port 4000
22/06/2024 12:19:07 [INFO]: HTTP Server listening on port 4000
22/06/2024 12:22:36 [INFO]: HTTP Server listening on port 4000
22/06/2024 12:22:39 [INFO]: HTTP Server listening on port 4000
22/06/2024 12:23:13 [INFO]: HTTP Server listening on port 4000
22/06/2024 12:24:03 [INFO]: HTTP Server listening on port 4000
22/06/2024 12:24:46 [INFO]: HTTP Server listening on port 4000
22/06/2024 12:25:31 [INFO]: HTTP Server listening on port 4000
22/06/2024 12:26:51 [INFO]: HTTP Server listening on port 4000
22/06/2024 12:26:57 [INFO]: HTTP Server listening on port 4000
22/06/2024 12:27:37 [ERROR]: Error updating user profile: ReferenceError: next is not defined
22/06/2024 12:29:16 [INFO]: HTTP Server listening on port 4000
22/06/2024 12:29:56 [INFO]: HTTP Server listening on port 4000
22/06/2024 12:51:16 [INFO]: HTTP Server listening on port 4000
22/06/2024 12:52:27 [INFO]: HTTP Server listening on port 4000
22/06/2024 12:54:31 [INFO]: HTTP Server listening on port 4000
22/06/2024 13:01:50 [INFO]: HTTP Server listening on port 4000
22/06/2024 13:02:17 [INFO]: HTTP Server listening on port 4000
22/06/2024 13:02:23 [INFO]: HTTP Server listening on port 4000
22/06/2024 13:02:42 [INFO]: HTTP Server listening on port 4000
22/06/2024 13:03:09 [INFO]: HTTP Server listening on port 4000
22/06/2024 13:03:18 [ERROR]: Error fetching client details: ReferenceError: req is not defined
22/06/2024 13:03:23 [ERROR]: Error fetching client details: ReferenceError: req is not defined
22/06/2024 13:03:23 [ERROR]: Error fetching client details: ReferenceError: req is not defined
22/06/2024 13:04:02 [INFO]: HTTP Server listening on port 4000
22/06/2024 13:04:27 [INFO]: HTTP Server listening on port 4000
22/06/2024 13:04:38 [ERROR]: Error fetching client details: TypeError: Cannot read properties of undefined (reading 'query')
22/06/2024 13:04:38 [ERROR]: Error fetching client details: TypeError: Cannot read properties of undefined (reading 'query')
22/06/2024 13:04:38 [INFO]: HTTP Server listening on port 4000
22/06/2024 13:05:10 [INFO]: HTTP Server listening on port 4000
22/06/2024 13:09:12 [INFO]: HTTP Server listening on port 4000
22/06/2024 13:10:51 [INFO]: HTTP Server listening on port 4000
22/06/2024 13:14:02 [INFO]: HTTP Server listening on port 4000
22/06/2024 13:14:27 [INFO]: HTTP Server listening on port 4000
22/06/2024 13:20:23 [INFO]: HTTP Server listening on port 4000
22/06/2024 13:24:06 [INFO]: HTTP Server listening on port 4000
22/06/2024 13:30:04 [INFO]: HTTP Server listening on port 4000
22/06/2024 13:32:55 [INFO]: HTTP Server listening on port 4000
22/06/2024 13:34:20 [INFO]: HTTP Server listening on port 4000
22/06/2024 13:34:56 [INFO]: HTTP Server listening on port 4000
22/06/2024 13:35:22 [INFO]: HTTP Server listening on port 4000
22/06/2024 13:35:32 [INFO]: HTTP Server listening on port 4000
22/06/2024 13:35:49 [INFO]: HTTP Server listening on port 4000
22/06/2024 13:36:11 [INFO]: HTTP Server listening on port 4000
22/06/2024 13:36:48 [INFO]: HTTP Server listening on port 4000
22/06/2024 13:36:56 [INFO]: HTTP Server listening on port 4000
22/06/2024 13:38:34 [INFO]: HTTP Server listening on port 4000
22/06/2024 13:38:51 [INFO]: HTTP Server listening on port 4000
22/06/2024 13:39:26 [INFO]: HTTP Server listening on port 4000
22/06/2024 13:46:03 [INFO]: HTTP Server listening on port 4000
22/06/2024 13:48:02 [INFO]: HTTP Server listening on port 4000
22/06/2024 13:48:22 [INFO]: HTTP Server listening on port 4000
22/06/2024 13:49:06 [INFO]: HTTP Server listening on port 4000
22/06/2024 13:51:46 [INFO]: HTTP Server listening on port 4000
22/06/2024 13:54:46 [INFO]: HTTP Server listening on port 4000
22/06/2024 13:57:28 [INFO]: HTTP Server listening on port 4000
22/06/2024 14:02:52 [INFO]: HTTP Server listening on port 4000
22/06/2024 14:03:31 [INFO]: HTTP Server listening on port 4000
22/06/2024 14:04:05 [INFO]: HTTP Server listening on port 4000
22/06/2024 14:06:05 [INFO]: HTTP Server listening on port 4000
22/06/2024 14:08:16 [INFO]: HTTP Server listening on port 4000
22/06/2024 14:08:36 [INFO]: HTTP Server listening on port 4000
22/06/2024 14:09:25 [INFO]: HTTP Server listening on port 4000
22/06/2024 14:09:28 [INFO]: HTTP Server listening on port 4000
22/06/2024 14:10:24 [INFO]: HTTP Server listening on port 4000
22/06/2024 14:11:02 [INFO]: HTTP Server listening on port 4000
22/06/2024 14:14:50 [INFO]: HTTP Server listening on port 4000
22/06/2024 14:15:58 [INFO]: HTTP Server listening on port 4000
22/06/2024 14:17:07 [INFO]: HTTP Server listening on port 4000
22/06/2024 14:19:24 [INFO]: HTTP Server listening on port 4000
22/06/2024 14:20:09 [INFO]: HTTP Server listening on port 4000
22/06/2024 14:21:46 [INFO]: HTTP Server listening on port 4000
22/06/2024 14:21:48 [INFO]: HTTP Server listening on port 4000
22/06/2024 14:24:11 [INFO]: HTTP Server listening on port 4000
22/06/2024 14:24:19 [INFO]: HTTP Server listening on port 4000
22/06/2024 14:26:05 [INFO]: HTTP Server listening on port 4000
22/06/2024 15:09:11 [INFO]: HTTP Server listening on port 4000
22/06/2024 15:13:34 [INFO]: HTTP Server listening on port 4000
22/06/2024 16:03:20 [INFO]: HTTP Server listening on port 4000
22/06/2024 16:04:19 [INFO]: HTTP Server listening on port 4000
22/06/2024 16:04:53 [INFO]: HTTP Server listening on port 4000
22/06/2024 16:05:44 [INFO]: HTTP Server listening on port 4000
22/06/2024 16:05:45 [INFO]: HTTP Server listening on port 4000
22/06/2024 16:06:45 [INFO]: HTTP Server listening on port 4000
22/06/2024 16:12:21 [INFO]: HTTP Server listening on port 4000
22/06/2024 16:15:36 [INFO]: HTTP Server listening on port 4000
22/06/2024 16:16:53 [INFO]: HTTP Server listening on port 4000
22/06/2024 16:17:44 [INFO]: HTTP Server listening on port 4000
22/06/2024 16:18:02 [INFO]: HTTP Server listening on port 4000
22/06/2024 16:19:43 [INFO]: HTTP Server listening on port 4000
22/06/2024 16:20:58 [ERROR]: Error in de active client: Error: Client with ID undefined not found
22/06/2024 16:24:14 [INFO]: HTTP Server listening on port 4000
22/06/2024 16:24:21 [INFO]: HTTP Server listening on port 4000
22/06/2024 16:24:42 [ERROR]: Error in deactivating client: ReferenceError: ObjectId is not defined
22/06/2024 16:25:05 [INFO]: HTTP Server listening on port 4000
22/06/2024 16:25:10 [INFO]: HTTP Server listening on port 4000
22/06/2024 16:25:43 [INFO]: HTTP Server listening on port 4000
22/06/2024 16:25:59 [INFO]: HTTP Server listening on port 4000
22/06/2024 16:26:04 [ERROR]: Error in deactivating client: ReferenceError: req is not defined
22/06/2024 16:27:50 [INFO]: HTTP Server listening on port 4000
22/06/2024 16:27:56 [ERROR]: Error in deactivating client: ReferenceError: req is not defined
22/06/2024 16:28:24 [INFO]: HTTP Server listening on port 4000
22/06/2024 16:28:35 [INFO]: HTTP Server listening on port 4000
22/06/2024 16:29:04 [INFO]: HTTP Server listening on port 4000
22/06/2024 16:29:09 [ERROR]: Error in deactivating client: ReferenceError: ObjectId is not defined
22/06/2024 16:29:42 [INFO]: HTTP Server listening on port 4000
22/06/2024 16:29:47 [ERROR]: Error in deactivating client: ReferenceError: ObjectId is not defined
22/06/2024 16:29:54 [INFO]: HTTP Server listening on port 4000
22/06/2024 16:30:40 [ERROR]: Error in deactivating client: ReferenceError: ObjectId is not defined
22/06/2024 16:30:49 [ERROR]: Error in deactivating client: ReferenceError: ObjectId is not defined
22/06/2024 16:33:31 [ERROR]: Error in deactivating client: ReferenceError: ObjectId is not defined
22/06/2024 16:36:00 [INFO]: HTTP Server listening on port 4000
22/06/2024 16:36:59 [INFO]: HTTP Server listening on port 4000
22/06/2024 16:37:49 [INFO]: HTTP Server listening on port 4000
22/06/2024 16:38:05 [ERROR]: Error in deactivating client: ReferenceError: Users is not defined
22/06/2024 16:39:09 [INFO]: HTTP Server listening on port 4000
22/06/2024 16:39:14 [INFO]: HTTP Server listening on port 4000
22/06/2024 16:39:24 [ERROR]: Error in deactivating client: ReferenceError: Users is not defined
22/06/2024 16:39:58 [INFO]: HTTP Server listening on port 4000
22/06/2024 16:40:07 [ERROR]: Error in deactivating client: ReferenceError: Users is not defined
22/06/2024 16:41:09 [INFO]: HTTP Server listening on port 4000
22/06/2024 16:41:11 [ERROR]: Error in deactivating client: ReferenceError: Users is not defined
22/06/2024 16:41:28 [INFO]: HTTP Server listening on port 4000
22/06/2024 16:41:34 [ERROR]: Error in deactivating client: ReferenceError: Users is not defined
22/06/2024 16:42:24 [INFO]: HTTP Server listening on port 4000
22/06/2024 16:46:20 [ERROR]: Error creating reseller: ReferenceError: reseller_id is not defined
22/06/2024 16:50:53 [INFO]: HTTP Server listening on port 4000
22/06/2024 16:54:04 [INFO]: HTTP Server listening on port 4000
22/06/2024 17:01:21 [INFO]: HTTP Server listening on port 4000
22/06/2024 17:22:02 [INFO]: HTTP Server listening on port 4000
22/06/2024 17:25:42 [INFO]: HTTP Server listening on port 4000
22/06/2024 17:26:03 [INFO]: HTTP Server listening on port 4000
22/06/2024 17:27:10 [INFO]: HTTP Server listening on port 4000
22/06/2024 17:31:14 [INFO]: HTTP Server listening on port 4000
22/06/2024 17:32:04 [INFO]: HTTP Server listening on port 4000
22/06/2024 17:32:26 [INFO]: HTTP Server listening on port 4000
22/06/2024 17:35:56 [INFO]: HTTP Server listening on port 4000
22/06/2024 17:43:23 [INFO]: HTTP Server listening on port 4000
22/06/2024 17:43:54 [INFO]: HTTP Server listening on port 4000
22/06/2024 17:44:04 [INFO]: HTTP Server listening on port 4000
22/06/2024 17:46:08 [INFO]: HTTP Server listening on port 4000
22/06/2024 17:47:49 [INFO]: HTTP Server listening on port 4000
22/06/2024 17:49:15 [INFO]: HTTP Server listening on port 4000
22/06/2024 17:51:37 [INFO]: HTTP Server listening on port 4000
22/06/2024 17:54:21 [INFO]: HTTP Server listening on port 4000
22/06/2024 17:56:23 [INFO]: HTTP Server listening on port 4000
22/06/2024 17:57:08 [INFO]: HTTP Server listening on port 4000
22/06/2024 18:00:05 [INFO]: HTTP Server listening on port 4000
22/06/2024 18:00:17 [INFO]: HTTP Server listening on port 4000
22/06/2024 18:00:23 [INFO]: HTTP Server listening on port 4000
22/06/2024 18:03:09 [INFO]: HTTP Server listening on port 4000
22/06/2024 18:03:43 [INFO]: HTTP Server listening on port 4000
22/06/2024 18:05:24 [INFO]: HTTP Server listening on port 4000
22/06/2024 18:06:56 [INFO]: HTTP Server listening on port 4000
22/06/2024 18:07:08 [INFO]: HTTP Server listening on port 4000
22/06/2024 18:10:26 [INFO]: HTTP Server listening on port 4000
22/06/2024 18:10:45 [INFO]: HTTP Server listening on port 4000
22/06/2024 18:12:09 [INFO]: HTTP Server listening on port 4000
22/06/2024 18:13:38 [INFO]: HTTP Server listening on port 4000
22/06/2024 18:16:06 [INFO]: HTTP Server listening on port 4000
22/06/2024 18:20:08 [INFO]: HTTP Server listening on port 4000
22/06/2024 18:21:45 [INFO]: HTTP Server listening on port 4000
22/06/2024 18:56:09 [INFO]: HTTP Server listening on port 4000
22/06/2024 18:58:02 [INFO]: HTTP Server listening on port 4000
22/06/2024 19:10:17 [INFO]: HTTP Server listening on port 4000
22/06/2024 19:24:43 [INFO]: HTTP Server listening on port 4000
22/06/2024 19:25:05 [INFO]: HTTP Server listening on port 4000
22/06/2024 19:32:25 [INFO]: HTTP Server listening on port 4000
22/06/2024 19:34:48 [INFO]: HTTP Server listening on port 4000
22/06/2024 19:37:33 [INFO]: HTTP Server listening on port 4000
22/06/2024 19:40:57 [INFO]: HTTP Server listening on port 4000
22/06/2024 19:41:29 [INFO]: HTTP Server listening on port 4000
22/06/2024 19:42:54 [INFO]: HTTP Server listening on port 4000
22/06/2024 19:46:39 [INFO]: HTTP Server listening on port 4000
22/06/2024 19:47:16 [ERROR]: Error in add new client: Error: Client with this email already exists
22/06/2024 19:48:23 [INFO]: HTTP Server listening on port 4000
22/06/2024 19:49:19 [INFO]: HTTP Server listening on port 4000
22/06/2024 19:50:41 [INFO]: HTTP Server listening on port 4000
22/06/2024 19:55:44 [INFO]: HTTP Server listening on port 4000
22/06/2024 20:04:16 [INFO]: HTTP Server listening on port 4000
22/06/2024 20:05:51 [INFO]: HTTP Server listening on port 4000
22/06/2024 20:06:15 [ERROR]: Error in add new client: Error: Client with this email already exists
22/06/2024 20:08:17 [INFO]: HTTP Server listening on port 4000
22/06/2024 20:08:36 [INFO]: HTTP Server listening on port 4000
22/06/2024 20:15:36 [INFO]: HTTP Server listening on port 4000
23/06/2024 10:59:03 [INFO]: HTTP Server listening on port 4000
23/06/2024 11:02:27 [INFO]: HTTP Server listening on port 4000
23/06/2024 11:06:02 [INFO]: HTTP Server listening on port 4000
23/06/2024 11:08:21 [INFO]: HTTP Server listening on port 4000
23/06/2024 11:11:54 [INFO]: HTTP Server listening on port 4000
23/06/2024 11:12:21 [INFO]: HTTP Server listening on port 4000
23/06/2024 11:20:14 [INFO]: HTTP Server listening on port 4000
23/06/2024 11:26:44 [INFO]: HTTP Server listening on port 4000
23/06/2024 12:26:06 [INFO]: HTTP Server listening on port 4000
23/06/2024 12:27:02 [ERROR]: Error in add new client: Error: Client with this email already exists
23/06/2024 12:29:59 [INFO]: HTTP Server listening on port 4000
23/06/2024 12:30:11 [INFO]: HTTP Server listening on port 4000
23/06/2024 12:34:08 [INFO]: HTTP Server listening on port 4000
23/06/2024 12:38:01 [INFO]: HTTP Server listening on port 4000
23/06/2024 12:38:46 [INFO]: HTTP Server listening on port 4000
23/06/2024 12:39:38 [INFO]: HTTP Server listening on port 4000
23/06/2024 12:46:38 [INFO]: HTTP Server listening on port 4000
23/06/2024 12:46:42 [INFO]: HTTP Server listening on port 4000
23/06/2024 12:46:53 [ERROR]: Error in add new client: Error: Client with this email already exists
23/06/2024 12:46:56 [INFO]: HTTP Server listening on port 4000
23/06/2024 12:47:49 [INFO]: HTTP Server listening on port 4000
23/06/2024 12:47:55 [ERROR]: Error fetching client details: TypeError: Cannot read properties of undefined (reading 'body')
23/06/2024 12:48:10 [INFO]: HTTP Server listening on port 4000
23/06/2024 12:48:20 [ERROR]: Error fetching client details: TypeError: Cannot read properties of undefined (reading 'body')
23/06/2024 12:49:14 [INFO]: HTTP Server listening on port 4000
23/06/2024 12:50:24 [INFO]: HTTP Server listening on port 4000
23/06/2024 12:52:32 [INFO]: HTTP Server listening on port 4000
23/06/2024 12:52:47 [INFO]: HTTP Server listening on port 4000
23/06/2024 12:57:07 [INFO]: HTTP Server listening on port 4000
23/06/2024 12:59:24 [INFO]: HTTP Server listening on port 4000
23/06/2024 13:00:24 [INFO]: HTTP Server listening on port 4000
23/06/2024 13:00:53 [INFO]: HTTP Server listening on port 4000
23/06/2024 13:01:02 [INFO]: HTTP Server listening on port 4000
23/06/2024 13:03:33 [INFO]: HTTP Server listening on port 4000
23/06/2024 13:08:52 [INFO]: HTTP Server listening on port 4000
23/06/2024 13:15:04 [INFO]: HTTP Server listening on port 4000
23/06/2024 13:15:48 [INFO]: HTTP Server listening on port 4000
23/06/2024 13:17:31 [INFO]: HTTP Server listening on port 4000
23/06/2024 13:18:36 [INFO]: HTTP Server listening on port 4000
23/06/2024 13:18:49 [INFO]: HTTP Server listening on port 4000
23/06/2024 13:19:21 [INFO]: HTTP Server listening on port 4000
23/06/2024 13:19:36 [INFO]: HTTP Server listening on port 4000
23/06/2024 13:22:14 [ERROR]: Error updating association: ReferenceError: reseller_id is not defined
23/06/2024 13:22:32 [INFO]: HTTP Server listening on port 4000
23/06/2024 13:22:36 [ERROR]: Error updating association: ReferenceError: association_email_id is not defined
23/06/2024 13:22:47 [INFO]: HTTP Server listening on port 4000
23/06/2024 13:26:00 [INFO]: HTTP Server listening on port 4000
23/06/2024 13:26:16 [INFO]: HTTP Server listening on port 4000
23/06/2024 13:30:14 [INFO]: HTTP Server listening on port 4000
23/06/2024 13:30:22 [INFO]: HTTP Server listening on port 4000
23/06/2024 13:32:23 [INFO]: HTTP Server listening on port 4000
23/06/2024 13:32:27 [INFO]: HTTP Server listening on port 4000
23/06/2024 13:34:02 [ERROR]: role_id is not defined
23/06/2024 13:34:28 [INFO]: HTTP Server listening on port 4000
23/06/2024 13:34:32 [ERROR]: role_id is not defined
23/06/2024 13:34:50 [INFO]: HTTP Server listening on port 4000
23/06/2024 13:37:26 [INFO]: HTTP Server listening on port 4000
23/06/2024 13:42:04 [INFO]: HTTP Server listening on port 4000
23/06/2024 14:03:43 [INFO]: HTTP Server listening on port 4000
23/06/2024 14:05:04 [INFO]: HTTP Server listening on port 4000
23/06/2024 14:10:17 [INFO]: HTTP Server listening on port 4000
23/06/2024 14:12:51 [INFO]: HTTP Server listening on port 4000
23/06/2024 14:15:53 [INFO]: HTTP Server listening on port 4000
23/06/2024 14:18:15 [INFO]: HTTP Server listening on port 4000
23/06/2024 14:18:52 [INFO]: HTTP Server listening on port 4000
23/06/2024 14:20:23 [INFO]: HTTP Server listening on port 4000
23/06/2024 14:27:22 [INFO]: HTTP Server listening on port 4000
23/06/2024 14:31:16 [INFO]: HTTP Server listening on port 4000
23/06/2024 14:31:52 [INFO]: HTTP Server listening on port 4000
23/06/2024 14:32:10 [INFO]: HTTP Server listening on port 4000
23/06/2024 14:33:09 [INFO]: HTTP Server listening on port 4000
23/06/2024 14:33:42 [INFO]: HTTP Server listening on port 4000
23/06/2024 14:34:02 [INFO]: HTTP Server listening on port 4000
23/06/2024 14:35:45 [INFO]: HTTP Server listening on port 4000
23/06/2024 14:35:52 [INFO]: HTTP Server listening on port 4000
23/06/2024 14:37:56 [INFO]: HTTP Server listening on port 4000
23/06/2024 14:46:19 [INFO]: HTTP Server listening on port 4000
23/06/2024 14:46:32 [INFO]: HTTP Server listening on port 4000
23/06/2024 14:49:17 [INFO]: HTTP Server listening on port 4000
23/06/2024 14:58:06 [INFO]: HTTP Server listening on port 4000
24/06/2024 10:29:35 [INFO]: HTTP Server listening on port 4000
24/06/2024 11:26:26 [INFO]: HTTP Server listening on port 4000
24/06/2024 11:50:51 [INFO]: HTTP Server listening on port 4000
24/06/2024 11:59:43 [INFO]: HTTP Server listening on port 4000
24/06/2024 12:59:35 [INFO]: HTTP Server listening on port 4000
24/06/2024 14:35:28 [INFO]: HTTP Server listening on port 4000
24/06/2024 14:39:14 [INFO]: HTTP Server listening on port 4000
24/06/2024 14:40:25 [INFO]: HTTP Server listening on port 4000
24/06/2024 14:42:02 [INFO]: HTTP Server listening on port 4000
24/06/2024 14:53:17 [INFO]: HTTP Server listening on port 4000
24/06/2024 14:53:39 [INFO]: HTTP Server listening on port 4000
24/06/2024 14:57:00 [INFO]: HTTP Server listening on port 4000
24/06/2024 15:02:14 [INFO]: HTTP Server listening on port 4000
24/06/2024 15:15:20 [INFO]: HTTP Server listening on port 4000
24/06/2024 15:16:05 [INFO]: HTTP Server listening on port 4000
24/06/2024 15:17:04 [INFO]: HTTP Server listening on port 4000
24/06/2024 15:17:22 [INFO]: HTTP Server listening on port 4000
24/06/2024 15:33:00 [ERROR]: Error in add new client: Error: Client with this email already exists
24/06/2024 15:31:12 [INFO]: HTTP Server listening on port 4000
24/06/2024 15:33:39 [INFO]: HTTP Server listening on port 4000
24/06/2024 15:36:42 [INFO]: HTTP Server listening on port 4000
24/06/2024 15:41:17 [INFO]: HTTP Server listening on port 4000
24/06/2024 15:41:30 [INFO]: HTTP Server listening on port 4000
24/06/2024 15:42:32 [INFO]: HTTP Server listening on port 4000
24/06/2024 15:43:18 [INFO]: HTTP Server listening on port 4000
24/06/2024 15:43:36 [INFO]: HTTP Server listening on port 4000
24/06/2024 15:48:23 [INFO]: HTTP Server listening on port 4000
24/06/2024 15:48:41 [INFO]: HTTP Server listening on port 4000
24/06/2024 15:50:56 [INFO]: HTTP Server listening on port 4000
24/06/2024 15:51:33 [INFO]: HTTP Server listening on port 4000
24/06/2024 15:52:31 [INFO]: HTTP Server listening on port 4000
24/06/2024 16:07:57 [INFO]: HTTP Server listening on port 4000
24/06/2024 16:08:38 [INFO]: HTTP Server listening on port 4000
24/06/2024 16:12:30 [INFO]: HTTP Server listening on port 4000
24/06/2024 16:16:42 [INFO]: HTTP Server listening on port 4000
24/06/2024 16:16:55 [INFO]: HTTP Server listening on port 4000
24/06/2024 16:18:14 [INFO]: HTTP Server listening on port 4000
24/06/2024 16:19:47 [INFO]: HTTP Server listening on port 4000
24/06/2024 16:22:18 [INFO]: HTTP Server listening on port 4000
24/06/2024 16:23:10 [INFO]: HTTP Server listening on port 4000
24/06/2024 16:28:35 [INFO]: HTTP Server listening on port 4000
24/06/2024 16:29:24 [INFO]: HTTP Server listening on port 4000
24/06/2024 16:32:08 [INFO]: HTTP Server listening on port 4000
24/06/2024 16:32:13 [INFO]: HTTP Server listening on port 4000
24/06/2024 16:35:10 [INFO]: HTTP Server listening on port 4000
24/06/2024 16:40:40 [INFO]: HTTP Server listening on port 4000
24/06/2024 16:40:41 [INFO]: HTTP Server listening on port 4000
24/06/2024 16:41:05 [INFO]: HTTP Server listening on port 4000
24/06/2024 16:42:15 [INFO]: HTTP Server listening on port 4000
24/06/2024 16:46:42 [INFO]: HTTP Server listening on port 4000
24/06/2024 16:47:05 [INFO]: HTTP Server listening on port 4000
24/06/2024 16:53:58 [INFO]: HTTP Server listening on port 4000
24/06/2024 16:54:50 [INFO]: HTTP Server listening on port 4000
24/06/2024 17:01:34 [INFO]: HTTP Server listening on port 4000
24/06/2024 17:05:17 [INFO]: HTTP Server listening on port 4000
24/06/2024 17:05:21 [INFO]: HTTP Server listening on port 4000
24/06/2024 17:05:27 [ERROR]: Error fetching charger details: MongoServerError: Invalid $addFields :: caused by :: Unrecognized expression '$sort'
24/06/2024 17:05:41 [INFO]: HTTP Server listening on port 4000
24/06/2024 17:05:45 [ERROR]: Error fetching charger details: MongoServerError: Invalid $addFields :: caused by :: Unrecognized expression '$sort'
24/06/2024 17:07:14 [INFO]: HTTP Server listening on port 4000
24/06/2024 17:08:11 [INFO]: HTTP Server listening on port 4000
24/06/2024 17:08:42 [INFO]: HTTP Server listening on port 4000
24/06/2024 17:09:07 [INFO]: HTTP Server listening on port 4000
24/06/2024 17:11:24 [INFO]: HTTP Server listening on port 4000
24/06/2024 17:11:28 [ERROR]: Error fetching charger details: MongoServerError: Invalid $addFields :: caused by :: Unrecognized expression '$sort'
24/06/2024 17:11:43 [INFO]: HTTP Server listening on port 4000
24/06/2024 17:11:47 [ERROR]: Error fetching charger details: MongoServerError: Invalid $addFields :: caused by :: Unrecognized expression '$sort'
24/06/2024 17:11:51 [INFO]: HTTP Server listening on port 4000
24/06/2024 17:11:54 [ERROR]: Error fetching charger details: MongoServerError: Invalid $addFields :: caused by :: Unrecognized expression '$sort'
24/06/2024 17:11:58 [INFO]: HTTP Server listening on port 4000
24/06/2024 17:12:44 [INFO]: HTTP Server listening on port 4000
24/06/2024 17:12:50 [ERROR]: Error fetching charger details: MongoServerError: Invalid $addFields :: caused by :: Unrecognized expression '$sort'
24/06/2024 17:13:31 [INFO]: HTTP Server listening on port 4000
24/06/2024 17:13:35 [ERROR]: Error fetching charger details: MongoServerError: Invalid $addFields :: caused by :: Unrecognized expression '$sort'
24/06/2024 17:13:39 [INFO]: HTTP Server listening on port 4000
24/06/2024 17:13:47 [INFO]: HTTP Server listening on port 4000
24/06/2024 17:14:00 [INFO]: HTTP Server listening on port 4000
24/06/2024 17:14:03 [ERROR]: Error fetching charger details: MongoServerError: PlanExecutor error during aggregation :: caused by :: First argument to $slice must be an array, but is of type: object
24/06/2024 17:14:18 [INFO]: HTTP Server listening on port 4000
24/06/2024 17:19:45 [INFO]: HTTP Server listening on port 4000
24/06/2024 17:19:59 [INFO]: HTTP Server listening on port 4000
24/06/2024 17:26:11 [INFO]: HTTP Server listening on port 4000
24/06/2024 17:26:57 [INFO]: HTTP Server listening on port 4000
24/06/2024 17:27:19 [INFO]: HTTP Server listening on port 4000
24/06/2024 17:27:32 [INFO]: HTTP Server listening on port 4000
24/06/2024 17:28:37 [INFO]: HTTP Server listening on port 4000
24/06/2024 17:29:01 [INFO]: HTTP Server listening on port 4000
24/06/2024 17:29:51 [INFO]: HTTP Server listening on port 4000
24/06/2024 17:30:16 [INFO]: HTTP Server listening on port 4000
24/06/2024 17:33:06 [INFO]: HTTP Server listening on port 4000
24/06/2024 17:35:21 [INFO]: HTTP Server listening on port 4000
24/06/2024 17:35:28 [INFO]: HTTP Server listening on port 4000
24/06/2024 17:37:27 [INFO]: HTTP Server listening on port 4000
24/06/2024 17:41:54 [INFO]: HTTP Server listening on port 4000
24/06/2024 17:43:07 [INFO]: HTTP Server listening on port 4000
24/06/2024 17:43:33 [INFO]: HTTP Server listening on port 4000
24/06/2024 17:44:44 [INFO]: HTTP Server listening on port 4000
24/06/2024 17:46:16 [INFO]: HTTP Server listening on port 4000
24/06/2024 17:47:54 [INFO]: HTTP Server listening on port 4000
24/06/2024 17:48:36 [INFO]: HTTP Server listening on port 4000
24/06/2024 17:52:42 [INFO]: HTTP Server listening on port 4000
24/06/2024 17:53:14 [INFO]: HTTP Server listening on port 4000
24/06/2024 17:53:29 [INFO]: HTTP Server listening on port 4000
24/06/2024 17:54:00 [INFO]: HTTP Server listening on port 4000
24/06/2024 17:54:26 [INFO]: HTTP Server listening on port 4000
24/06/2024 17:54:41 [INFO]: HTTP Server listening on port 4000
24/06/2024 17:59:51 [INFO]: HTTP Server listening on port 4000
24/06/2024 18:02:35 [INFO]: HTTP Server listening on port 4000
24/06/2024 18:04:12 [INFO]: HTTP Server listening on port 4000
24/06/2024 18:04:21 [INFO]: HTTP Server listening on port 4000
24/06/2024 18:06:58 [INFO]: HTTP Server listening on port 4000
24/06/2024 18:07:47 [INFO]: HTTP Server listening on port 4000
24/06/2024 18:08:19 [INFO]: HTTP Server listening on port 4000
24/06/2024 18:10:21 [INFO]: HTTP Server listening on port 4000
24/06/2024 18:11:00 [INFO]: HTTP Server listening on port 4000
24/06/2024 18:15:57 [INFO]: HTTP Server listening on port 4000
24/06/2024 18:16:56 [INFO]: HTTP Server listening on port 4000
24/06/2024 18:21:44 [INFO]: HTTP Server listening on port 4000
24/06/2024 18:24:45 [INFO]: HTTP Server listening on port 4000
24/06/2024 18:25:03 [INFO]: HTTP Server listening on port 4000
24/06/2024 18:28:40 [INFO]: HTTP Server listening on port 4000
24/06/2024 18:29:15 [INFO]: HTTP Server listening on port 4000
24/06/2024 18:30:05 [INFO]: HTTP Server listening on port 4000
24/06/2024 18:31:26 [INFO]: HTTP Server listening on port 4000
24/06/2024 18:31:42 [INFO]: HTTP Server listening on port 4000
24/06/2024 18:32:17 [INFO]: HTTP Server listening on port 4000
24/06/2024 18:35:01 [INFO]: HTTP Server listening on port 4000
24/06/2024 18:38:39 [INFO]: HTTP Server listening on port 4000
24/06/2024 18:38:42 [INFO]: HTTP Server listening on port 4000
24/06/2024 18:41:53 [INFO]: HTTP Server listening on port 4000
24/06/2024 18:42:09 [INFO]: HTTP Server listening on port 4000
24/06/2024 18:42:23 [INFO]: HTTP Server listening on port 4000
24/06/2024 18:44:24 [INFO]: HTTP Server listening on port 4000
24/06/2024 18:48:37 [INFO]: HTTP Server listening on port 4000
24/06/2024 18:51:33 [INFO]: HTTP Server listening on port 4000
24/06/2024 18:55:48 [INFO]: HTTP Server listening on port 4000
24/06/2024 18:59:38 [INFO]: HTTP Server listening on port 4000
25/06/2024 10:10:58 [INFO]: HTTP Server listening on port 4000
25/06/2024 10:15:52 [INFO]: HTTP Server listening on port 4000
25/06/2024 10:20:47 [INFO]: HTTP Server listening on port 4000
25/06/2024 10:26:56 [INFO]: HTTP Server listening on port 4000
25/06/2024 10:37:57 [INFO]: HTTP Server listening on port 4000
25/06/2024 11:07:01 [INFO]: HTTP Server listening on port 4000
25/06/2024 11:12:33 [INFO]: HTTP Server listening on port 4000
25/06/2024 11:33:21 [INFO]: HTTP Server listening on port 4000
25/06/2024 11:33:43 [INFO]: HTTP Server listening on port 4000
25/06/2024 11:36:01 [INFO]: HTTP Server listening on port 4000
25/06/2024 11:36:18 [INFO]: HTTP Server listening on port 4000
25/06/2024 11:36:55 [INFO]: HTTP Server listening on port 4000
25/06/2024 11:37:43 [INFO]: HTTP Server listening on port 4000
25/06/2024 11:38:05 [INFO]: HTTP Server listening on port 4000
25/06/2024 11:39:27 [INFO]: HTTP Server listening on port 4000
25/06/2024 11:41:11 [INFO]: HTTP Server listening on port 4000
25/06/2024 11:41:38 [INFO]: HTTP Server listening on port 4000
25/06/2024 11:42:28 [INFO]: HTTP Server listening on port 4000
25/06/2024 11:44:33 [INFO]: HTTP Server listening on port 4000
25/06/2024 11:46:17 [INFO]: HTTP Server listening on port 4000
25/06/2024 11:47:09 [INFO]: HTTP Server listening on port 4000
25/06/2024 11:48:36 [INFO]: HTTP Server listening on port 4000
25/06/2024 11:49:17 [ERROR]: Error fetching charger details: ReferenceError: reseller_id is not defined
25/06/2024 11:49:54 [INFO]: HTTP Server listening on port 4000
25/06/2024 11:50:34 [INFO]: HTTP Server listening on port 4000
25/06/2024 11:51:29 [INFO]: HTTP Server listening on port 4000
25/06/2024 11:52:38 [INFO]: HTTP Server listening on port 4000
25/06/2024 11:53:52 [INFO]: HTTP Server listening on port 4000
25/06/2024 11:54:06 [INFO]: HTTP Server listening on port 4000
25/06/2024 11:54:15 [ERROR]: Error fetching charger details: Error: No chargers found for the specified client_id
25/06/2024 11:55:43 [INFO]: HTTP Server listening on port 4000
25/06/2024 11:55:57 [INFO]: HTTP Server listening on port 4000
25/06/2024 11:56:26 [INFO]: HTTP Server listening on port 4000
25/06/2024 11:57:59 [INFO]: HTTP Server listening on port 4000
25/06/2024 11:58:44 [INFO]: HTTP Server listening on port 4000
25/06/2024 12:02:07 [INFO]: HTTP Server listening on port 4000
25/06/2024 12:02:45 [INFO]: HTTP Server listening on port 4000
25/06/2024 12:18:37 [INFO]: HTTP Server listening on port 4000
25/06/2024 12:18:56 [INFO]: HTTP Server listening on port 4000
25/06/2024 12:19:05 [INFO]: HTTP Server listening on port 4000
25/06/2024 12:19:52 [INFO]: HTTP Server listening on port 4000
25/06/2024 12:20:31 [INFO]: HTTP Server listening on port 4000
25/06/2024 12:21:03 [INFO]: HTTP Server listening on port 4000
25/06/2024 12:22:00 [INFO]: HTTP Server listening on port 4000
25/06/2024 12:26:09 [INFO]: HTTP Server listening on port 4000
25/06/2024 12:26:37 [INFO]: HTTP Server listening on port 4000
25/06/2024 12:26:55 [INFO]: HTTP Server listening on port 4000
25/06/2024 12:36:40 [INFO]: HTTP Server listening on port 4000
25/06/2024 12:36:46 [INFO]: HTTP Server listening on port 4000
25/06/2024 12:37:32 [INFO]: HTTP Server listening on port 4000
25/06/2024 12:37:38 [INFO]: HTTP Server listening on port 4000
25/06/2024 12:46:47 [INFO]: HTTP Server listening on port 4000
25/06/2024 12:48:36 [INFO]: HTTP Server listening on port 4000
25/06/2024 12:48:39 [INFO]: HTTP Server listening on port 4000
25/06/2024 12:48:47 [INFO]: HTTP Server listening on port 4000
25/06/2024 12:50:16 [INFO]: HTTP Server listening on port 4000
25/06/2024 12:51:11 [INFO]: HTTP Server listening on port 4000
25/06/2024 12:51:51 [INFO]: HTTP Server listening on port 4000
25/06/2024 12:52:30 [INFO]: HTTP Server listening on port 4000
25/06/2024 12:52:41 [INFO]: HTTP Server listening on port 4000
25/06/2024 12:52:49 [ERROR]: Error updating Reseller profile: ReferenceError: username is not defined
25/06/2024 12:53:06 [INFO]: HTTP Server listening on port 4000
25/06/2024 12:53:17 [INFO]: HTTP Server listening on port 4000
25/06/2024 12:54:55 [INFO]: HTTP Server listening on port 4000
25/06/2024 12:58:54 [INFO]: HTTP Server listening on port 4000
25/06/2024 13:02:23 [INFO]: HTTP Server listening on port 4000
25/06/2024 14:15:08 [INFO]: HTTP Server listening on port 4000
25/06/2024 14:16:18 [INFO]: HTTP Server listening on port 4000
25/06/2024 14:18:26 [INFO]: HTTP Server listening on port 4000
25/06/2024 14:20:13 [INFO]: HTTP Server listening on port 4000
25/06/2024 14:22:09 [INFO]: HTTP Server listening on port 4000
25/06/2024 14:22:21 [INFO]: HTTP Server listening on port 4000
25/06/2024 14:41:53 [INFO]: HTTP Server listening on port 4000
25/06/2024 14:44:33 [INFO]: HTTP Server listening on port 4000
25/06/2024 14:46:25 [INFO]: HTTP Server listening on port 4000
25/06/2024 14:46:33 [INFO]: HTTP Server listening on port 4000
25/06/2024 14:52:52 [INFO]: HTTP Server listening on port 4000
25/06/2024 14:54:52 [INFO]: HTTP Server listening on port 4000
25/06/2024 15:00:39 [INFO]: HTTP Server listening on port 4000
25/06/2024 15:07:15 [INFO]: HTTP Server listening on port 4000
25/06/2024 15:07:32 [INFO]: HTTP Server listening on port 4000
25/06/2024 15:09:06 [INFO]: HTTP Server listening on port 4000
25/06/2024 15:11:41 [INFO]: HTTP Server listening on port 4000
25/06/2024 15:12:06 [INFO]: HTTP Server listening on port 4000
25/06/2024 15:13:24 [INFO]: HTTP Server listening on port 4000
25/06/2024 15:17:17 [INFO]: HTTP Server listening on port 4000
25/06/2024 15:17:58 [INFO]: HTTP Server listening on port 4000
25/06/2024 15:18:12 [INFO]: HTTP Server listening on port 4000
25/06/2024 15:20:51 [INFO]: HTTP Server listening on port 4000
25/06/2024 15:21:08 [INFO]: HTTP Server listening on port 4000
25/06/2024 15:22:18 [INFO]: HTTP Server listening on port 4000
25/06/2024 15:22:38 [INFO]: HTTP Server listening on port 4000
25/06/2024 15:30:30 [INFO]: HTTP Server listening on port 4000
25/06/2024 15:40:09 [INFO]: HTTP Server listening on port 4000
25/06/2024 15:40:14 [INFO]: HTTP Server listening on port 4000
25/06/2024 15:42:55 [INFO]: HTTP Server listening on port 4000
25/06/2024 15:44:28 [INFO]: HTTP Server listening on port 4000
25/06/2024 15:45:33 [INFO]: HTTP Server listening on port 4000
25/06/2024 15:57:02 [INFO]: HTTP Server listening on port 4000
25/06/2024 15:59:02 [INFO]: HTTP Server listening on port 4000
25/06/2024 16:07:56 [INFO]: HTTP Server listening on port 4000
25/06/2024 16:09:32 [ERROR]: Error in add new client: Error: Client with this email already exists
25/06/2024 16:23:06 [INFO]: HTTP Server listening on port 4000
25/06/2024 16:23:49 [INFO]: HTTP Server listening on port 4000
25/06/2024 16:33:35 [INFO]: HTTP Server listening on port 4000
25/06/2024 16:38:30 [INFO]: HTTP Server listening on port 4000
25/06/2024 16:42:52 [INFO]: HTTP Server listening on port 4000
25/06/2024 16:47:11 [INFO]: HTTP Server listening on port 4000
25/06/2024 16:49:02 [INFO]: HTTP Server listening on port 4000
25/06/2024 16:49:29 [INFO]: HTTP Server listening on port 4000
25/06/2024 16:49:49 [INFO]: HTTP Server listening on port 4000
25/06/2024 16:49:57 [INFO]: HTTP Server listening on port 4000
25/06/2024 16:50:11 [INFO]: HTTP Server listening on port 4000
25/06/2024 16:51:56 [INFO]: HTTP Server listening on port 4000
25/06/2024 17:02:33 [INFO]: HTTP Server listening on port 4000
25/06/2024 17:05:30 [INFO]: HTTP Server listening on port 4000
25/06/2024 17:05:35 [ERROR]: Error fetching user: MongoServerError: A pipeline stage specification object must contain exactly one field.
25/06/2024 17:06:03 [INFO]: HTTP Server listening on port 4000
25/06/2024 17:18:11 [INFO]: HTTP Server listening on port 4000
25/06/2024 17:18:29 [INFO]: HTTP Server listening on port 4000
25/06/2024 17:20:29 [INFO]: HTTP Server listening on port 4000
25/06/2024 17:24:59 [INFO]: HTTP Server listening on port 4000
25/06/2024 17:26:33 [INFO]: HTTP Server listening on port 4000
25/06/2024 17:31:25 [INFO]: HTTP Server listening on port 4000
25/06/2024 17:31:55 [INFO]: HTTP Server listening on port 4000
25/06/2024 17:34:42 [INFO]: HTTP Server listening on port 4000
25/06/2024 17:35:59 [INFO]: HTTP Server listening on port 4000
25/06/2024 17:37:27 [INFO]: HTTP Server listening on port 4000
25/06/2024 17:38:55 [INFO]: HTTP Server listening on port 4000
25/06/2024 17:40:21 [INFO]: HTTP Server listening on port 4000
25/06/2024 17:40:27 [INFO]: HTTP Server listening on port 4000
25/06/2024 17:40:41 [ERROR]: Error fetching users by role_id: TypeError: usersCollection.findOne(...).toArray is not a function
25/06/2024 17:41:13 [INFO]: HTTP Server listening on port 4000
25/06/2024 17:43:46 [INFO]: HTTP Server listening on port 4000
25/06/2024 17:44:05 [INFO]: HTTP Server listening on port 4000
25/06/2024 17:47:34 [INFO]: HTTP Server listening on port 4000
25/06/2024 17:47:40 [INFO]: HTTP Server listening on port 4000
25/06/2024 17:47:42 [INFO]: HTTP Server listening on port 4000
25/06/2024 17:48:26 [INFO]: HTTP Server listening on port 4000
25/06/2024 17:49:49 [INFO]: HTTP Server listening on port 4000
25/06/2024 17:50:00 [INFO]: HTTP Server listening on port 4000
25/06/2024 17:51:03 [INFO]: HTTP Server listening on port 4000
25/06/2024 17:51:21 [INFO]: HTTP Server listening on port 4000
25/06/2024 17:51:34 [INFO]: HTTP Server listening on port 4000
25/06/2024 17:51:48 [INFO]: HTTP Server listening on port 4000
25/06/2024 17:53:06 [INFO]: HTTP Server listening on port 4000
25/06/2024 17:53:40 [INFO]: HTTP Server listening on port 4000
25/06/2024 17:54:56 [INFO]: HTTP Server listening on port 4000
25/06/2024 17:57:28 [INFO]: HTTP Server listening on port 4000
25/06/2024 18:02:13 [INFO]: HTTP Server listening on port 4000
25/06/2024 18:02:47 [INFO]: HTTP Server listening on port 4000
25/06/2024 18:06:16 [INFO]: HTTP Server listening on port 4000
25/06/2024 18:09:18 [INFO]: HTTP Server listening on port 4000
25/06/2024 18:10:21 [INFO]: HTTP Server listening on port 4000
25/06/2024 18:13:11 [INFO]: HTTP Server listening on port 4000
25/06/2024 18:17:15 [INFO]: HTTP Server listening on port 4000
25/06/2024 18:19:13 [INFO]: HTTP Server listening on port 4000
25/06/2024 18:19:21 [INFO]: HTTP Server listening on port 4000
25/06/2024 18:24:03 [INFO]: HTTP Server listening on port 4000
25/06/2024 18:26:04 [INFO]: HTTP Server listening on port 4000
25/06/2024 18:28:02 [INFO]: HTTP Server listening on port 4000
25/06/2024 18:28:12 [INFO]: HTTP Server listening on port 4000
25/06/2024 18:28:24 [INFO]: HTTP Server listening on port 4000
25/06/2024 18:31:43 [INFO]: HTTP Server listening on port 4000
25/06/2024 18:37:58 [INFO]: HTTP Server listening on port 4000
25/06/2024 18:42:05 [INFO]: HTTP Server listening on port 4000
25/06/2024 18:42:25 [INFO]: HTTP Server listening on port 4000
25/06/2024 18:42:57 [INFO]: HTTP Server listening on port 4000
25/06/2024 18:43:09 [INFO]: HTTP Server listening on port 4000
25/06/2024 18:56:28 [INFO]: HTTP Server listening on port 4000
25/06/2024 18:56:44 [INFO]: HTTP Server listening on port 4000
26/06/2024 10:11:30 [INFO]: HTTP Server listening on port 4000
26/06/2024 10:25:48 [INFO]: HTTP Server listening on port 4000
26/06/2024 10:26:31 [INFO]: HTTP Server listening on port 4000
26/06/2024 10:28:47 [INFO]: HTTP Server listening on port 4000
26/06/2024 10:29:51 [INFO]: HTTP Server listening on port 4000
26/06/2024 10:30:25 [INFO]: HTTP Server listening on port 4000
26/06/2024 10:30:47 [INFO]: HTTP Server listening on port 4000
26/06/2024 10:35:45 [INFO]: HTTP Server listening on port 4000
26/06/2024 10:35:49 [INFO]: HTTP Server listening on port 4000
26/06/2024 10:37:43 [INFO]: HTTP Server listening on port 4000
26/06/2024 10:52:08 [INFO]: HTTP Server listening on port 4000
26/06/2024 10:52:57 [INFO]: HTTP Server listening on port 4000
26/06/2024 10:53:39 [INFO]: HTTP Server listening on port 4000
26/06/2024 10:53:54 [INFO]: HTTP Server listening on port 4000
26/06/2024 11:06:18 [INFO]: HTTP Server listening on port 4000
26/06/2024 11:08:24 [INFO]: HTTP Server listening on port 4000
26/06/2024 11:10:43 [INFO]: HTTP Server listening on port 4000
26/06/2024 11:11:14 [INFO]: HTTP Server listening on port 4000
26/06/2024 11:12:43 [INFO]: HTTP Server listening on port 4000
26/06/2024 11:13:11 [INFO]: HTTP Server listening on port 4000
26/06/2024 11:13:58 [INFO]: HTTP Server listening on port 4000
26/06/2024 11:15:40 [INFO]: HTTP Server listening on port 4000
26/06/2024 11:17:36 [INFO]: HTTP Server listening on port 4000
26/06/2024 11:18:45 [ERROR]: client_id is not defined
26/06/2024 11:24:01 [INFO]: HTTP Server listening on port 4000
26/06/2024 11:24:13 [INFO]: HTTP Server listening on port 4000
26/06/2024 11:30:05 [INFO]: HTTP Server listening on port 4000
26/06/2024 11:31:12 [INFO]: HTTP Server listening on port 4000
26/06/2024 11:32:09 [INFO]: HTTP Server listening on port 4000
26/06/2024 11:32:25 [INFO]: HTTP Server listening on port 4000
26/06/2024 11:33:39 [INFO]: HTTP Server listening on port 4000
26/06/2024 11:34:02 [INFO]: HTTP Server listening on port 4000
26/06/2024 11:35:15 [INFO]: HTTP Server listening on port 4000
26/06/2024 11:53:38 [INFO]: HTTP Server listening on port 4000
26/06/2024 11:54:51 [INFO]: HTTP Server listening on port 4000
26/06/2024 12:01:02 [INFO]: HTTP Server listening on port 4000
26/06/2024 12:16:36 [INFO]: HTTP Server listening on port 4000
26/06/2024 12:16:43 [INFO]: HTTP Server listening on port 4000
26/06/2024 12:26:47 [INFO]: HTTP Server listening on port 4000
26/06/2024 12:27:12 [INFO]: HTTP Server listening on port 4000
26/06/2024 12:27:29 [INFO]: HTTP Server listening on port 4000
26/06/2024 12:28:46 [INFO]: HTTP Server listening on port 4000
26/06/2024 12:30:19 [INFO]: HTTP Server listening on port 4000
26/06/2024 12:30:36 [INFO]: HTTP Server listening on port 4000
26/06/2024 12:33:51 [INFO]: HTTP Server listening on port 4000
26/06/2024 12:47:22 [INFO]: HTTP Server listening on port 4000
26/06/2024 12:48:03 [INFO]: HTTP Server listening on port 4000
26/06/2024 12:54:16 [INFO]: HTTP Server listening on port 4000
26/06/2024 12:54:31 [INFO]: HTTP Server listening on port 4000
26/06/2024 14:52:01 [INFO]: HTTP Server listening on port 4000
26/06/2024 14:52:27 [INFO]: HTTP Server listening on port 4000
26/06/2024 14:53:52 [INFO]: HTTP Server listening on port 4000
26/06/2024 14:54:13 [INFO]: HTTP Server listening on port 4000
26/06/2024 14:55:10 [INFO]: HTTP Server listening on port 4000
26/06/2024 14:55:19 [INFO]: HTTP Server listening on port 4000
26/06/2024 14:59:50 [INFO]: HTTP Server listening on port 4000
26/06/2024 15:00:13 [INFO]: HTTP Server listening on port 4000
26/06/2024 15:01:18 [INFO]: HTTP Server listening on port 4000
26/06/2024 15:02:07 [INFO]: HTTP Server listening on port 4000
26/06/2024 15:02:15 [INFO]: HTTP Server listening on port 4000
26/06/2024 15:02:27 [INFO]: HTTP Server listening on port 4000
26/06/2024 15:02:34 [INFO]: HTTP Server listening on port 4000
26/06/2024 15:03:03 [INFO]: HTTP Server listening on port 4000
26/06/2024 15:03:32 [INFO]: HTTP Server listening on port 4000
26/06/2024 15:03:54 [INFO]: HTTP Server listening on port 4000
26/06/2024 15:05:22 [INFO]: HTTP Server listening on port 4000
26/06/2024 15:05:30 [INFO]: HTTP Server listening on port 4000
26/06/2024 15:05:37 [INFO]: HTTP Server listening on port 4000
26/06/2024 15:06:41 [INFO]: HTTP Server listening on port 4000
26/06/2024 15:07:25 [INFO]: HTTP Server listening on port 4000
26/06/2024 15:07:47 [INFO]: HTTP Server listening on port 4000
26/06/2024 15:11:13 [INFO]: HTTP Server listening on port 4000
26/06/2024 15:16:37 [INFO]: HTTP Server listening on port 4000
26/06/2024 15:17:44 [INFO]: HTTP Server listening on port 4000
26/06/2024 15:18:20 [INFO]: HTTP Server listening on port 4000
26/06/2024 15:19:00 [INFO]: HTTP Server listening on port 4000
26/06/2024 15:19:18 [INFO]: HTTP Server listening on port 4000
26/06/2024 15:19:53 [INFO]: HTTP Server listening on port 4000
26/06/2024 15:22:31 [INFO]: HTTP Server listening on port 4000
26/06/2024 15:52:27 [INFO]: HTTP Server listening on port 4000
26/06/2024 15:55:31 [INFO]: HTTP Server listening on port 4000
26/06/2024 15:55:51 [INFO]: HTTP Server listening on port 4000
26/06/2024 15:57:12 [INFO]: HTTP Server listening on port 4000
26/06/2024 15:59:54 [INFO]: HTTP Server listening on port 4000
26/06/2024 16:00:58 [INFO]: HTTP Server listening on port 4000
26/06/2024 16:01:00 [INFO]: HTTP Server listening on port 4000
26/06/2024 16:02:07 [INFO]: HTTP Server listening on port 4000
26/06/2024 16:03:33 [INFO]: HTTP Server listening on port 4000
26/06/2024 16:07:58 [INFO]: HTTP Server listening on port 4000
26/06/2024 16:08:26 [INFO]: HTTP Server listening on port 4000
26/06/2024 16:08:58 [INFO]: HTTP Server listening on port 4000
26/06/2024 16:09:32 [INFO]: HTTP Server listening on port 4000
26/06/2024 16:09:40 [INFO]: HTTP Server listening on port 4000
26/06/2024 16:10:21 [INFO]: HTTP Server listening on port 4000
26/06/2024 16:11:39 [INFO]: HTTP Server listening on port 4000
26/06/2024 16:14:25 [INFO]: HTTP Server listening on port 4000
26/06/2024 16:14:42 [INFO]: HTTP Server listening on port 4000
26/06/2024 16:14:50 [INFO]: HTTP Server listening on port 4000
26/06/2024 16:16:49 [INFO]: HTTP Server listening on port 4000
26/06/2024 16:33:50 [INFO]: HTTP Server listening on port 4000
26/06/2024 16:34:03 [INFO]: HTTP Server listening on port 4000
26/06/2024 16:34:30 [INFO]: HTTP Server listening on port 4000
26/06/2024 17:54:19 [INFO]: HTTP Server listening on port 4000
26/06/2024 18:27:23 [INFO]: HTTP Server listening on port 4000
26/06/2024 18:28:14 [INFO]: HTTP Server listening on port 4000
26/06/2024 18:42:54 [INFO]: HTTP Server listening on port 4000
26/06/2024 18:43:47 [INFO]: HTTP Server listening on port 4000
26/06/2024 18:44:27 [INFO]: HTTP Server listening on port 4000
26/06/2024 18:45:16 [INFO]: HTTP Server listening on port 4000
26/06/2024 18:46:17 [INFO]: HTTP Server listening on port 4000
26/06/2024 18:52:44 [INFO]: HTTP Server listening on port 4000
26/06/2024 18:53:52 [INFO]: HTTP Server listening on port 4000
26/06/2024 18:56:13 [INFO]: HTTP Server listening on port 4000
26/06/2024 18:57:01 [INFO]: HTTP Server listening on port 4000
26/06/2024 19:02:31 [INFO]: HTTP Server listening on port 4000
26/06/2024 19:02:45 [INFO]: HTTP Server listening on port 4000
26/06/2024 19:03:14 [INFO]: HTTP Server listening on port 4000
26/06/2024 19:04:20 [INFO]: HTTP Server listening on port 4000
26/06/2024 19:04:41 [INFO]: HTTP Server listening on port 4000
26/06/2024 19:04:59 [INFO]: HTTP Server listening on port 4000
26/06/2024 19:05:53 [INFO]: HTTP Server listening on port 4000
26/06/2024 19:06:23 [INFO]: HTTP Server listening on port 4000
26/06/2024 19:09:27 [INFO]: HTTP Server listening on port 4000
26/06/2024 19:13:27 [INFO]: HTTP Server listening on port 4000
26/06/2024 19:15:44 [INFO]: HTTP Server listening on port 4000
26/06/2024 19:15:47 [INFO]: HTTP Server listening on port 4000
26/06/2024 19:20:32 [INFO]: HTTP Server listening on port 4000
26/06/2024 19:23:57 [INFO]: HTTP Server listening on port 4000
26/06/2024 19:24:48 [INFO]: HTTP Server listening on port 4000
26/06/2024 19:29:48 [INFO]: HTTP Server listening on port 4000
26/06/2024 19:30:32 [INFO]: HTTP Server listening on port 4000
26/06/2024 19:30:52 [INFO]: HTTP Server listening on port 4000
26/06/2024 19:36:33 [INFO]: HTTP Server listening on port 4000
26/06/2024 19:40:03 [INFO]: HTTP Server listening on port 4000
26/06/2024 19:43:30 [INFO]: HTTP Server listening on port 4000
26/06/2024 19:44:09 [INFO]: HTTP Server listening on port 4000
26/06/2024 19:44:28 [INFO]: HTTP Server listening on port 4000
26/06/2024 19:45:09 [INFO]: HTTP Server listening on port 4000
26/06/2024 19:45:41 [INFO]: HTTP Server listening on port 4000
26/06/2024 19:50:23 [ERROR]: Error updating finance in charger: ReferenceError: modified_by is not defined
26/06/2024 19:50:59 [INFO]: HTTP Server listening on port 4000
26/06/2024 19:51:23 [INFO]: HTTP Server listening on port 4000
26/06/2024 19:51:51 [INFO]: HTTP Server listening on port 4000
26/06/2024 19:52:32 [INFO]: HTTP Server listening on port 4000
26/06/2024 19:53:41 [INFO]: HTTP Server listening on port 4000
26/06/2024 20:45:46 [INFO]: HTTP Server listening on port 4000
26/06/2024 20:46:51 [INFO]: HTTP Server listening on port 4000
26/06/2024 20:47:52 [INFO]: HTTP Server listening on port 4000
26/06/2024 20:56:32 [INFO]: HTTP Server listening on port 4000
26/06/2024 20:57:12 [INFO]: HTTP Server listening on port 4000
26/06/2024 20:58:17 [INFO]: HTTP Server listening on port 4000
26/06/2024 20:58:52 [INFO]: HTTP Server listening on port 4000
26/06/2024 20:59:05 [INFO]: HTTP Server listening on port 4000
26/06/2024 20:59:41 [INFO]: HTTP Server listening on port 4000
26/06/2024 21:00:03 [INFO]: HTTP Server listening on port 4000
26/06/2024 21:00:25 [INFO]: HTTP Server listening on port 4000
26/06/2024 21:00:53 [INFO]: HTTP Server listening on port 4000
26/06/2024 21:02:12 [INFO]: HTTP Server listening on port 4000
26/06/2024 21:03:34 [INFO]: HTTP Server listening on port 4000
26/06/2024 21:04:55 [INFO]: HTTP Server listening on port 4000
26/06/2024 21:05:21 [INFO]: HTTP Server listening on port 4000
26/06/2024 21:09:57 [INFO]: HTTP Server listening on port 4000
26/06/2024 23:21:05 [INFO]: HTTP Server listening on port 4000
26/06/2024 23:26:58 [INFO]: HTTP Server listening on port 4000
26/06/2024 23:27:24 [INFO]: HTTP Server listening on port 4000
26/06/2024 23:28:02 [INFO]: HTTP Server listening on port 4000
26/06/2024 23:28:06 [INFO]: HTTP Server listening on port 4000
26/06/2024 23:30:11 [INFO]: HTTP Server listening on port 4000
26/06/2024 23:31:57 [INFO]: HTTP Server listening on port 4000
26/06/2024 23:32:52 [INFO]: HTTP Server listening on port 4000
26/06/2024 23:33:07 [INFO]: HTTP Server listening on port 4000
26/06/2024 23:36:32 [INFO]: HTTP Server listening on port 4000
26/06/2024 23:36:51 [INFO]: HTTP Server listening on port 4000
26/06/2024 23:37:36 [INFO]: HTTP Server listening on port 4000
26/06/2024 23:41:30 [INFO]: HTTP Server listening on port 4000
26/06/2024 23:42:01 [INFO]: HTTP Server listening on port 4000
26/06/2024 23:42:51 [INFO]: HTTP Server listening on port 4000
26/06/2024 23:45:29 [INFO]: HTTP Server listening on port 4000
26/06/2024 23:48:56 [INFO]: HTTP Server listening on port 4000
26/06/2024 23:49:08 [INFO]: HTTP Server listening on port 4000
26/06/2024 23:50:07 [INFO]: HTTP Server listening on port 4000
26/06/2024 23:50:23 [INFO]: HTTP Server listening on port 4000
26/06/2024 23:50:44 [INFO]: HTTP Server listening on port 4000
26/06/2024 23:50:48 [INFO]: HTTP Server listening on port 4000
26/06/2024 23:52:22 [INFO]: HTTP Server listening on port 4000
26/06/2024 23:52:52 [INFO]: HTTP Server listening on port 4000
26/06/2024 23:53:15 [INFO]: HTTP Server listening on port 4000
27/06/2024 00:06:41 [INFO]: HTTP Server listening on port 4000
27/06/2024 00:06:59 [INFO]: HTTP Server listening on port 4000
27/06/2024 00:09:37 [INFO]: HTTP Server listening on port 4000
27/06/2024 00:09:46 [INFO]: HTTP Server listening on port 4000
27/06/2024 00:10:33 [INFO]: HTTP Server listening on port 4000
27/06/2024 00:18:02 [INFO]: HTTP Server listening on port 4000
27/06/2024 00:18:32 [INFO]: HTTP Server listening on port 4000
27/06/2024 00:18:37 [INFO]: HTTP Server listening on port 4000
27/06/2024 00:20:16 [INFO]: HTTP Server listening on port 4000
27/06/2024 00:20:23 [INFO]: HTTP Server listening on port 4000
27/06/2024 00:31:06 [INFO]: HTTP Server listening on port 4000
27/06/2024 00:36:36 [INFO]: HTTP Server listening on port 4000
27/06/2024 00:37:11 [INFO]: HTTP Server listening on port 4000
27/06/2024 00:37:55 [INFO]: HTTP Server listening on port 4000
27/06/2024 00:38:35 [INFO]: HTTP Server listening on port 4000
27/06/2024 00:38:45 [INFO]: HTTP Server listening on port 4000
27/06/2024 00:38:53 [INFO]: HTTP Server listening on port 4000
27/06/2024 00:38:57 [INFO]: HTTP Server listening on port 4000
27/06/2024 00:39:14 [INFO]: HTTP Server listening on port 4000
27/06/2024 00:41:12 [INFO]: HTTP Server listening on port 4000
27/06/2024 00:41:57 [INFO]: HTTP Server listening on port 4000
27/06/2024 00:43:50 [INFO]: HTTP Server listening on port 4000
27/06/2024 00:45:53 [INFO]: HTTP Server listening on port 4000
27/06/2024 10:11:14 [INFO]: HTTP Server listening on port 4000
27/06/2024 10:58:45 [INFO]: HTTP Server listening on port 4000
27/06/2024 11:10:12 [INFO]: HTTP Server listening on port 4000
27/06/2024 11:17:28 [INFO]: HTTP Server listening on port 4000
27/06/2024 11:47:26 [INFO]: HTTP Server listening on port 4000
27/06/2024 11:47:38 [ERROR]: password is not defined
27/06/2024 11:49:28 [ERROR]: password is not defined
27/06/2024 11:49:28 [ERROR]: password is not defined
27/06/2024 11:50:46 [INFO]: HTTP Server listening on port 4000
27/06/2024 11:52:29 [ERROR]: wallet_bal is not defined
27/06/2024 11:52:42 [ERROR]: wallet_bal is not defined
27/06/2024 11:53:08 [INFO]: HTTP Server listening on port 4000
27/06/2024 11:53:14 [ERROR]: wallet_bal is not defined
27/06/2024 11:53:29 [INFO]: HTTP Server listening on port 4000
27/06/2024 11:56:59 [INFO]: HTTP Server listening on port 4000
27/06/2024 14:45:21 [INFO]: HTTP Server listening on port 4000
27/06/2024 14:47:47 [INFO]: HTTP Server listening on port 4000
27/06/2024 14:48:00 [INFO]: HTTP Server listening on port 4000
27/06/2024 15:12:14 [INFO]: HTTP Server listening on port 4000
27/06/2024 16:29:16 [INFO]: HTTP Server listening on port 4000
27/06/2024 16:29:36 [INFO]: HTTP Server listening on port 4000
27/06/2024 16:31:34 [INFO]: HTTP Server listening on port 4000
27/06/2024 16:31:56 [INFO]: HTTP Server listening on port 4000
27/06/2024 16:36:54 [INFO]: HTTP Server listening on port 4000
27/06/2024 18:07:09 [INFO]: HTTP Server listening on port 4000
27/06/2024 18:12:01 [INFO]: HTTP Server listening on port 4000
27/06/2024 18:12:05 [INFO]: HTTP Server listening on port 4000
27/06/2024 18:12:15 [INFO]: HTTP Server listening on port 4000
27/06/2024 18:12:22 [INFO]: HTTP Server listening on port 4000
27/06/2024 18:17:55 [ERROR]: Error fetching charger details: No chargers found for the specified reseller_id
27/06/2024 18:17:55 [ERROR]: Error fetching charger details: No chargers found for the specified reseller_id
27/06/2024 18:42:48 [INFO]: HTTP Server listening on port 4000
28/06/2024 10:19:53 [INFO]: HTTP Server listening on port 4000
28/06/2024 10:43:08 [INFO]: HTTP Server listening on port 4000
28/06/2024 11:52:13 [INFO]: HTTP Server listening on port 4000
28/06/2024 11:54:38 [INFO]: HTTP Server listening on port 4000
28/06/2024 12:09:03 [INFO]: HTTP Server listening on port 4000
28/06/2024 15:01:16 [INFO]: HTTP Server listening on port 4000
28/06/2024 15:13:33 [INFO]: HTTP Server listening on port 4000
28/06/2024 15:24:42 [INFO]: HTTP Server listening on port 4000
28/06/2024 15:43:25 [INFO]: HTTP Server listening on port 4000
28/06/2024 18:06:05 [INFO]: HTTP Server listening on port 4000
28/06/2024 18:06:45 [INFO]: HTTP Server listening on port 4000
28/06/2024 18:08:36 [INFO]: HTTP Server listening on port 4000
28/06/2024 18:09:32 [INFO]: HTTP Server listening on port 4000
28/06/2024 18:11:39 [INFO]: HTTP Server listening on port 4000
28/06/2024 18:12:57 [INFO]: HTTP Server listening on port 4000
28/06/2024 18:13:06 [INFO]: HTTP Server listening on port 4000
28/06/2024 18:13:50 [INFO]: HTTP Server listening on port 4000
28/06/2024 18:18:09 [INFO]: HTTP Server listening on port 4000
28/06/2024 18:18:37 [INFO]: HTTP Server listening on port 4000
28/06/2024 18:20:00 [INFO]: HTTP Server listening on port 4000
28/06/2024 18:20:12 [INFO]: HTTP Server listening on port 4000
28/06/2024 18:23:17 [INFO]: HTTP Server listening on port 4000
28/06/2024 18:23:27 [INFO]: HTTP Server listening on port 4000
28/06/2024 18:25:53 [INFO]: HTTP Server listening on port 4000
28/06/2024 18:45:56 [INFO]: HTTP Server listening on port 4000
29/06/2024 10:26:07 [INFO]: HTTP Server listening on port 4000
29/06/2024 14:57:56 [INFO]: HTTP Server listening on port 4000
29/06/2024 16:40:31 [INFO]: HTTP Server listening on port 4000
29/06/2024 17:16:46 [INFO]: HTTP Server listening on port 4000
29/06/2024 17:17:09 [INFO]: HTTP Server listening on port 4000
29/06/2024 17:23:54 [INFO]: HTTP Server listening on port 4000
29/06/2024 17:24:58 [INFO]: HTTP Server listening on port 4000
29/06/2024 17:26:09 [INFO]: HTTP Server listening on port 4000
29/06/2024 17:27:18 [INFO]: HTTP Server listening on port 4000
29/06/2024 17:28:02 [INFO]: HTTP Server listening on port 4000
29/06/2024 17:28:24 [INFO]: HTTP Server listening on port 4000
29/06/2024 17:28:51 [INFO]: HTTP Server listening on port 4000
29/06/2024 17:29:39 [INFO]: HTTP Server listening on port 4000
29/06/2024 17:30:11 [INFO]: HTTP Server listening on port 4000
29/06/2024 17:30:32 [INFO]: HTTP Server listening on port 4000
29/06/2024 17:31:00 [INFO]: HTTP Server listening on port 4000
29/06/2024 17:31:32 [INFO]: HTTP Server listening on port 4000
29/06/2024 17:33:48 [INFO]: HTTP Server listening on port 4000
29/06/2024 17:35:06 [INFO]: HTTP Server listening on port 4000
29/06/2024 17:38:12 [INFO]: HTTP Server listening on port 4000
29/06/2024 17:40:14 [INFO]: HTTP Server listening on port 4000
29/06/2024 17:41:01 [INFO]: HTTP Server listening on port 4000
29/06/2024 17:41:18 [INFO]: HTTP Server listening on port 4000
29/06/2024 17:41:48 [INFO]: HTTP Server listening on port 4000
29/06/2024 17:42:35 [INFO]: HTTP Server listening on port 4000
29/06/2024 17:46:55 [INFO]: HTTP Server listening on port 4000
29/06/2024 17:47:31 [INFO]: HTTP Server listening on port 4000
29/06/2024 17:47:36 [INFO]: HTTP Server listening on port 4000
29/06/2024 17:48:05 [INFO]: HTTP Server listening on port 4000
29/06/2024 17:48:13 [INFO]: HTTP Server listening on port 4000
29/06/2024 17:48:21 [INFO]: HTTP Server listening on port 4000
29/06/2024 18:22:32 [INFO]: HTTP Server listening on port 4000
